0 verbose cli D:\Program Files\nodejs\node.exe D:\Program Files\nodejs\node_modules\npm\bin\npm-cli.js
1 info using npm@11.6.2
2 info using node@v24.11.1
3 silly config load:file:D:\Program Files\nodejs\node_modules\npm\npmrc
4 silly config load:file:D:\GroupProject\.npmrc
5 silly config load:file:C:\Users\Admin\.npmrc
6 silly config load:file:C:\Users\Admin\AppData\Roaming\npm\etc\npmrc
7 verbose title npm exec create-next-app@latest moul-l7anout
8 verbose argv "exec" "--" "create-next-app@latest" "moul-l7anout"
9 verbose logfile logs-max:10 dir:D:\GroupProject\npm-cache\_logs\2026-04-05T08_06_30_166Z-
10 verbose logfile D:\GroupProject\npm-cache\_logs\2026-04-05T08_06_30_166Z-debug-0.log
11 silly logfile done cleaning log files
12 silly packumentCache heap:4496293888 maxSize:1124073472 maxEntrySize:562036736
13 http fetch GET 200 https://registry.npmjs.org/create-next-app 1189ms (cache revalidated)
14 silly packumentCache heap:4496293888 maxSize:1124073472 maxEntrySize:562036736
15 silly packumentCache heap:4496293888 maxSize:1124073472 maxEntrySize:562036736
16 verbose cwd D:\GroupProject
17 verbose os Windows_NT 10.0.26200
18 verbose node v24.11.1
19 verbose npm  v11.6.2
20 verbose exit 0
21 info ok
