0 verbose cli D:\Program Files\nodejs\node.exe D:\Program Files\nodejs\node_modules\npm\bin\npm-cli.js
1 info using npm@11.6.2
2 info using node@v24.11.1
3 silly config load:file:D:\Program Files\nodejs\node_modules\npm\npmrc
4 silly config load:file:D:\GroupProject\.npmrc
5 silly config load:file:C:\Users\Admin\.npmrc
6 silly config load:file:C:\Users\Admin\AppData\Roaming\npm\etc\npmrc
7 verbose title npm exec create-next-app@latest moul-l7anout
8 verbose argv "exec" "--" "create-next-app@latest" "moul-l7anout"
9 verbose logfile logs-max:10 dir:D:\GroupProject\npm-cache\_logs\2026-04-05T08_04_27_185Z-
10 verbose logfile D:\GroupProject\npm-cache\_logs\2026-04-05T08_04_27_185Z-debug-0.log
11 silly logfile done cleaning log files
12 silly packumentCache heap:4496293888 maxSize:1124073472 maxEntrySize:562036736
13 http fetch GET 200 https://registry.npmjs.org/npm 2086ms
14 http fetch GET 200 https://registry.npmjs.org/create-next-app 7779ms (cache miss)
15 silly packumentCache heap:4496293888 maxSize:1124073472 maxEntrySize:562036736
16 silly packumentCache heap:4496293888 maxSize:1124073472 maxEntrySize:562036736
17 silly idealTree buildDeps
18 silly fetch manifest create-next-app@16.2.2
19 silly packumentCache full:https://registry.npmjs.org/create-next-app cache-miss
20 http fetch GET 200 https://registry.npmjs.org/create-next-app 4059ms (cache miss)
21 silly packumentCache full:https://registry.npmjs.org/create-next-app set size:undefined disposed:false
22 silly placeDep ROOT create-next-app@16.2.2 OK for:  want: 16.2.2
23 silly reify moves {}
24 silly audit bulk request { 'create-next-app': [ '16.2.2' ] }
25 http cache create-next-app@https://registry.npmjs.org/create-next-app/-/create-next-app-16.2.2.tgz 0ms (cache hit)
26 silly tarball no local data for create-next-app@https://registry.npmjs.org/create-next-app/-/create-next-app-16.2.2.tgz. Extracting by manifest.
27 http fetch POST 200 https://registry.npmjs.org/-/npm/v1/security/advisories/bulk 233ms
28 silly audit report {}
29 http fetch GET 200 https://registry.npmjs.org/create-next-app/-/create-next-app-16.2.2.tgz 1131ms (cache miss)
30 verbose cwd D:\GroupProject
31 verbose os Windows_NT 10.0.26200
32 verbose node v24.11.1
33 verbose npm  v11.6.2
34 notice
34 notice New [33mminor[39m version of npm available! [33m11.6.2[39m -> [34m11.12.1[39m
34 notice Changelog: [34mhttps://github.com/npm/cli/releases/tag/v11.12.1[39m
34 notice To update run: [4mnpm install -g npm@11.12.1[24m
34 notice  { force: true, Symbol(proc-log.meta): true }
35 verbose exit 1
36 verbose code 1
